H.FLTT
H.GLCR
H.MRSH
H.PND
H.PNDSF
H.RF
H.RFC
H.RFX
H.RSV
H.SHOL
H.SPNG
H.STMC
H.STMI
H.STMX
H.STRT
H.WLL
H.WLLQ
H.WLLS
H.WTRH
L.AMUS
L.CTRB
L.GRAZ
L.RGNE
P.PPLX
R.RD
R.RYD
S.AIRF
S.AIRH
S.BDG
S.BLDG
S.BLDO
S.BUSTN
S.BUSTP
S.CH
S.CMP
S.CMPL
S.CMPLA
S.CMPMN
S.CMPO
S.CMPQ
S.CMPRF
S.CRRL
S.CSNO
S.DIP
S.EST
S.ESTO
S.ESTR
S.ESTSG
S.ESTT
S.ESTX
S.FRM
S.FRMQ
S.FRMS
S.FRMT
S.HMSD
S.HSE
S.HSEC
S.HSP
S.HSPC
S.HTL
S.HUT
S.HUTS
S.LIBR
S.MALL
S.ML
S.MLM
S.MLO
S.MLSG
S.MLSGQ
S.MLSW
S.MLWND
S.MLWTR
S.MN
S.MNAU
S.MNC
S.MNCR
S.MNCU
S.MNFE
S.MNN
S.MNQ
S.MNQR
S.MSSN
S.MTRO
S.PO
S.PS
S.REST
S.RET
S.RNCH
S.RSD
S.RSGNL
S.RSTN
S.RSTNQ
S.RSTP
S.RSTPQ
S.SHRN
S.SHSE
S.TOWR
S.TRIG
T.ATOL
T.CAPE
T.HDLD
T.HLL
T.HLLS
T.MESA
T.PT
T.PTS
T.RK
T.RKFL
T.RKS
T.SLP
T.SPUR
T.VAL
